2025/02/10 23:08:21 bot.go:113: Пользователь Minashi65 (584090842) выполнил команду /listpoems для эмоции ''
2025/02/10 23:12:21 bot.go:113: Пользователь Minashi65 (584090842) выполнил команду /listpoems для эмоции ''
2025/02/10 23:12:29 bot.go:125: Пользователь Minashi65 (584090842) выполнил команду /help
2025/02/10 23:12:33 bot.go:42: Пользователь Minashi65 (584090842) выполнил команду /random
2025/02/10 23:12:41 bot.go:113: Пользователь Minashi65 (584090842) выполнил команду /listpoems для эмоции '😊'
2025/02/10 23:14:02 bot.go:113: Пользователь Minashi65 (584090842) выполнил команду /listpoems для эмоции ''
2025/02/10 23:21:03 poems.go:108: Стихи успешно загружены из файла poems.json
2025/02/10 23:21:26 bot.go:113: Пользователь Minashi65 (584090842) выполнил команду /listpoems для эмоции ''
2025/02/10 23:22:56 bot.go:125: Пользователь Minashi65 (584090842) выполнил команду /help
2025/02/10 23:23:00 bot.go:42: Пользователь Minashi65 (584090842) выполнил команду /random
2025/02/10 23:23:11 bot.go:113: Пользователь Minashi65 (584090842) выполнил команду /listpoems для эмоции ''
2025/02/10 23:23:34 poems.go:108: Стихи успешно загружены из файла poems.json
2025/02/10 23:23:41 bot.go:42: Пользователь Minashi65 (584090842) выполнил команду /random
2025/02/10 23:23:47 bot.go:113: Пользователь Minashi65 (584090842) выполнил команду /listpoems для эмоции ''
2025/02/10 23:24:00 bot.go:42: Пользователь Minashi65 (584090842) выполнил команду /random
2025/02/10 23:24:31 poems.go:108: Стихи успешно загружены из файла poems.json
2025/02/10 23:24:54 bot.go:125: Пользователь Minashi65 (584090842) выполнил команду /help
2025/02/10 23:24:57 bot.go:113: Пользователь Minashi65 (584090842) выполнил команду /listpoems для эмоции ''
2025/02/10 23:25:02 bot.go:42: Пользователь Minashi65 (584090842) выполнил команду /random
2025/02/10 23:25:59 bot.go:42: Пользователь Minashi65 (584090842) выполнил команду /random
2025/02/10 23:26:03 bot.go:42: Пользователь Minashi65 (584090842) выполнил команду /random
2025/02/10 23:32:52 poems.go:108: Стихи успешно загружены из файла poems.json
2025/02/10 23:35:21 poems.go:108: Стихи успешно загружены из файла poems.json
2025/02/10 23:39:23 poems.go:108: Стихи успешно загружены из файла poems.json
2025/02/10 23:39:31 bot.go:113: Пользователь Minashi65 (584090842) выполнил команду /listpoems для эмоции ''
2025/02/10 23:39:57 bot.go:113: Пользователь Minashi65 (584090842) выполнил команду /listpoems для эмоции ''
2025/02/10 23:39:58 bot.go:113: Пользователь Minashi65 (584090842) выполнил команду /listpoems для эмоции ''
2025/02/10 23:40:23 bot.go:125: Пользователь Minashi65 (584090842) выполнил команду /help
2025/02/10 23:40:25 bot.go:39: Пользователь Minashi65 (584090842) выполнил команду /start
2025/02/10 23:40:30 bot.go:46: Пользователь Minashi65 (584090842) попытался выполнить команду /addpoem без прав администратора
2025/02/10 23:40:36 bot.go:113: Пользователь Minashi65 (584090842) выполнил команду /listpoems для эмоции ''
